- [test_failure] 1 test(s) FAILED:   tests/test_pricing.py::test_discount_rounding_over_http - assert 895 == 896
- [test_failure] AssertionError: AssertionError