{
  "signals": [
    {
      "kind": "test_failure",
      "summary": "1 test(s) FAILED",
      "details": "  tests/test_pricing.py::test_discount_rounding_over_http - assert 895 == 896",
      "file_hint": "tests/test_pricing.py",
      "severity": "error"
    },
    {
      "kind": "test_failure",
      "summary": "AssertionError",
      "details": "AssertionError",
      "file_hint": "",
      "severity": "error"
    }
  ],
  "workspace_profile": {
    "name": "tinyshop-python",
    "language": "python",
    "baseline": "python -m pytest -vv -ra",
    "auto_detected": false
  }
}